Flutter crash report.
Please report a bug at https://github.com/flutter/flutter/issues.

## command

flutter run

## exception

WipError: WipError -32000 Target crashed

```
```

## flutter doctor

```
[32m[✓][39m Flutter (Channel stable, 3.35.6, on Microsoft Windows [versÆo 10.0.26200.6899], locale pt-BR) [330ms]
    [32m•[39m Flutter version 3.35.6 on channel stable at C:\Users\Gutho\Documents\Estudos\flutter
    [32m•[39m Upstream repository https://github.com/flutter/flutter.git
    [32m•[39m Framework revision 9f455d2486 (5 weeks ago), 2025-10-08 14:55:31 -0500
    [32m•[39m Engine revision d2913632a4
    [32m•[39m Dart version 3.9.2
    [32m•[39m DevTools version 2.48.0
    [32m•[39m Feature flags: enable-web, enable-linux-desktop, enable-macos-desktop, enable-windows-desktop, enable-android, enable-ios, cli-animations, enable-lldb-debugging

[32m[✓][39m Windows Version (Windows 11 or higher, 25H2, 2009) [546ms]

[31m[✗][39m Android toolchain - develop for Android devices [176ms]
    [31m✗[39m Unable to locate Android SDK.
      Install Android Studio from: https://developer.android.com/studio/index.html
      On first launch it will assist you in installing the Android SDK components.
      (or visit https://flutter.dev/to/windows-android-setup for detailed instructions).
      If the Android SDK has been installed to a custom location, please use
      `flutter config --android-sdk` to update to that location.


[31m[✗][39m Chrome - develop for the web (Cannot find Chrome executable at .\Google\Chrome\Application\chrome.exe) [169ms]
    [33m![39m Cannot find Chrome. Try setting CHROME_EXECUTABLE to a Chrome executable.

[33m[!][39m Visual Studio - develop Windows apps (Visual Studio Community 2019 16.11.52) [168ms]
    [32m•[39m Visual Studio at C:\Program Files (x86)\Microsoft Visual Studio\2019\Community
    [32m•[39m Visual Studio Community 2019 version 16.11.36602.28
    [31m✗[39m Visual Studio is missing necessary components. Please re-run the Visual Studio installer for the "Desktop development with C++" workload, and include these components:
        MSVC v142 - VS 2019 C++ x64/x86 build tools
         - If there are multiple build tool versions available, install the latest
        C++ CMake tools for Windows
        Windows 10 SDK

[33m[!][39m Android Studio (not installed) [2ms]
    [32m•[39m Android Studio not found; download from https://developer.android.com/studio/index.html
      (or visit https://flutter.dev/to/windows-android-setup for detailed instructions).

[32m[✓][39m VS Code (version 1.105.1) [2ms]
    [32m•[39m VS Code at C:\Users\Gutho\AppData\Local\Programs\Microsoft VS Code
    [32m•[39m Flutter extension version 3.122.0

[32m[✓][39m Connected device (2 available) [9ms]
    [32m•[39m Windows (desktop) • windows • windows-x64    • Microsoft Windows [versÆo 10.0.26200.6899]
    [32m•[39m Edge (web)        • edge    • web-javascript • Microsoft Edge 142.0.3595.69

[32m[✓][39m Network resources [481ms]
    [32m•[39m All expected network resources are available.

[33m![39m Doctor found issues in 4 categories.
```
